<?xml version="1.0" encoding="UTF-8" ?>
<testsuite tests="4" failures="0" name="bobcat.gradle.BOBCAT.AEM.BDD.RunLoginTest" time="67.993" errors="0" skipped="3">
  <properties>
[...]
</properties>
  <testcase classname="Login" name="Example AEM BDD scenario" time="37.958"/>
  <testcase classname="Login" name="Creation of Page" time="10.011">
    <skipped/>
    <system-err>Starting ChromeDriver 75.0.3770.90 (a6dcaf7e3ec6f70a194cc25e8149475c6590e025-refs/branch-heads/3770@{#1003}) on port 1279
Only local connections are allowed.
Please protect ports used by ChromeDriver and related test frameworks to prevent access by malicious code.
[1565890372.516][WARNING]: This version of ChromeDriver has not been tested with Chrome version 76.
[1565890374.534][WARNING]: Timed out connecting to Chrome, retrying...
Aug 15, 2019 12:32:56 PM org.openqa.selenium.remote.ProtocolHandshake createSession
INFO: Detected dialect: W3C
[1565890378.566][WARNING]: Timed out connecting to Chrome, retrying...
</system-err>
  </testcase>
  <testcase classname="Login" name="Creation of Page" time="10.012">
    <skipped/>
  </testcase>
  <testcase classname="Login" name="Creation of Page" time="10.012">
    <skipped/>
  </testcase>
</testsuite>